self.fragments > sizedstr
fragments in file order
0 2744 64 3384 56 western_diamondback_rattlesnake.mdl2 2 2
1 2808 64 3384 56 western_diamondback_rattlesnake.mdl2 2 2
2 2872 64 3384 56 western_diamondback_rattlesnake.mdl2 2 2
3 2936 64 3384 56 western_diamondback_rattlesnake.mdl2 2 2
4 3000 64 3384 56 western_diamondback_rattlesnake.mdl2 2 2
5 3064 64 3384 56 western_diamondback_rattlesnake.mdl2 2 2
6 3248 8 2592 8 western_diamondback_rattlesnake.mdl2 2 2
7 3256 8 2600 120 western_diamondback_rattlesnake.mdl2 2 2
8 3264 8 2720 24 western_diamondback_rattlesnake.mdl2 2 2
9 3272 8 2744 64 western_diamondback_rattlesnake.mdl2 2 2
10 3280 40 2592 8 western_diamondback_rattlesnake.mdl2 2 2
11 3336 8 1768 216 western_diamondback_rattlesnake_mat.fgm 2 2
12 3344 8 1984 608 western_diamondback_rattlesnake_mat.fgm 2 2
13 3352 8 3440 56 western_diamondback_rattlesnake_mat.fgm 2 2
14 3360 24 1576 192 western_diamondback_rattlesnake_mat.fgm 2 2
15 3520 8 3384 56 western_diamondback_rattlesnake_.ms2 2 2
16 3528 8 3128 120 western_diamondback_rattlesnake_.ms2 2 2
17 3536 8 3920 8 western_diamondback_rattlesnake_.ms2 2 2
18 3584 24 3544 40 western_diamondback_rattlesnake_pose_06_flourish.bani 2 2
19 3608 24 3544 40 western_diamondback_rattlesnake_pose_05_flourish.bani 2 2
20 3632 24 3544 40 western_diamondback_rattlesnake_pose_04_flourish.bani 2 2
21 3656 24 3544 40 western_diamondback_rattlesnake_pose_03_flourish.bani 2 2
22 3680 24 3544 40 western_diamondback_rattlesnake_pose_02_flourish.bani 2 2
23 3704 24 3544 40 western_diamondback_rattlesnake_pose_01_flourish.bani 2 2
24 3728 24 3544 40 western_diamondback_rattlesnake_pose_02_breathingloop.bani 2 2
25 3752 24 3544 40 western_diamondback_rattlesnake_pose_05_breathingloop.bani 2 2
26 3776 24 3544 40 western_diamondback_rattlesnake_pose_03_breathingloop.bani 2 2
27 3800 24 3544 40 western_diamondback_rattlesnake_pose_06_breathingloop.bani 2 2
28 3824 24 3544 40 western_diamondback_rattlesnake_pose_01_breathingloop.bani 2 2
29 3848 24 3544 40 western_diamondback_rattlesnake_pose_04_breathingloop.bani 2 2
30 3872 24 3544 40 western_diamondback_rattlesnake_pose_07_breathingloop.bani 2 2
31 3896 24 3544 40 western_diamondback_rattlesnake_pose_07_flourish.bani 2 2
32 4184 8 3928 48 western_diamondback_rattlesnake_mat.pbasecolourandmasktexture.tex 3 3
33 4192 16 4368 320 western_diamondback_rattlesnake_mat.pbasecolourandmasktexture.tex 3 4
34 4224 8 3976 48 western_diamondback_rattlesnake_mat.pnormaltexture.tex 3 3
35 4232 16 4688 320 western_diamondback_rattlesnake_mat.pnormaltexture.tex 3 4
36 4264 8 4024 48 western_diamondback_rattlesnake_mat.palbinobasecolourandmasktexture.tex 3 3
37 4272 16 5008 320 western_diamondback_rattlesnake_mat.palbinobasecolourandmasktexture.tex 3 4
38 4304 8 4072 48 western_diamondback_rattlesnake_mat.proughnesspackedtexture.tex 3 3
39 4312 16 5328 320 western_diamondback_rattlesnake_mat.proughnesspackedtexture.tex 3 4
40 4344 8 4120 48 western_diamondback_rattlesnake_mat.paotexture.tex 3 3
41 4352 16 5648 320 western_diamondback_rattlesnake_mat.paotexture.tex 3 4